<?xml version="1.0" encoding="UTF-8"?>
<testsuite xmlns:xsi="http://www.w3.org/2001/XMLSchema-instance" xsi:noNamespaceSchemaLocation="https://maven.apache.org/surefire/maven-surefire-plugin/xsd/surefire-test-report-3.0.xsd" version="3.0" name="TestSuite" time="31.964" tests="3" errors="0" skipped="0" failures="0">
  <properties>
[...]
</properties>
  <testcase name="googleTest" classname="MyMaven.ABC.abcTest" time="0.863">
    <system-out><![CDATA[Google
]]></system-out>
    <system-err><![CDATA[Starting ChromeDriver 83.0.4103.39 (ccbf011cb2d2b19b506d844400483861342c20cd-refs/branch-heads/4103@{#416}) on port 12825
Only local connections are allowed.
Please see https://chromedriver.chromium.org/security-considerations for suggestions on keeping ChromeDriver safe.
ChromeDriver was started successfully.
Started InternetExplorerDriver server (32-bit)
2.41.0.0
Listening on port 7816
Started InternetExplorerDriver server (32-bit)
2.41.0.0
Listening on port 15263
[1597381210.099][WARNING]: This version of ChromeDriver has not been tested with Chrome version 84.
Aug 14, 2020 10:30:12 AM org.openqa.selenium.remote.ProtocolHandshake createSession
INFO: Detected dialect: OSS
Aug 14, 2020 10:30:13 AM org.openqa.selenium.remote.ProtocolHandshake createSession
INFO: Detected dialect: W3C
Aug 14, 2020 10:30:13 AM org.openqa.selenium.remote.ProtocolHandshake createSession
INFO: Detected dialect: OSS
]]></system-err>
  </testcase>
  <testcase name="googleTest" classname="MyMaven.ABC.abcTest" time="1.315">
    <system-out><![CDATA[Google
]]></system-out>
  </testcase>
  <testcase name="testParameterWithXML" classname="MyMaven.ABC.xyzTest" time="25.457"/>
</testsuite>