<?xml version="1.0" encoding="UTF-8"?>
<testsuite xmlns:xsi="http://www.w3.org/2001/XMLSchema-instance" xsi:noNamespaceSchemaLocation="https://maven.apache.org/surefire/maven-surefire-plugin/xsd/surefire-test-report-3.0.xsd" version="3.0" name="MyMaven.ABC.xyzTest" time="0.52" tests="2" errors="0" skipped="1" failures="1">
  <properties>
[...]
</properties>
  <testcase name="setup" classname="MyMaven.ABC.xyzTest" time="0.314">
    <failure message="&#10;Parameter &apos;browser&apos; is required by @Configuration on method setup but has not been marked @Optional or defined&#10;" type="org.testng.TestNGException"><![CDATA[org.testng.TestNGException: 

Parameter 'browser' is required by @Configuration on method setup but has not been marked @Optional or defined

]]></failure>
  </testcase>
  <testcase name="testParameterWithXML" classname="MyMaven.ABC.xyzTest" time="0">
    <skipped/>
  </testcase>
</testsuite>